<?xml version="1.0" encoding="UTF-8"?>
<testsuite xmlns:xsi="http://www.w3.org/2001/XMLSchema-instance" xsi:noNamespaceSchemaLocation="https://maven.apache.org/surefire/maven-surefire-plugin/xsd/surefire-test-report.xsd" name="runner.TestRunner" time="4.229" tests="35" errors="0" skipped="0" failures="0">
  <properties>
[...]
</properties>
  <testcase name="Given I declare the URI for login" classname="Scenario: Check the status of login" time="0.001"/>
  <testcase name="And I add employee name as &quot;Employee&quot; and password as &quot;Pass123&quot; as query params to the URI and hit the service" classname="Scenario: Check the status of login" time="0"/>
  <testcase name="Then the status code should be 200" classname="Scenario: Check the status of login" time="0"/>
  <testcase name="Scenario: Check the status of login" classname="Scenario: Check the status of login" time="0"/>
  <testcase name="Given hit the API for logout" classname="Scenario: Check the status of logout" time="0"/>
  <testcase name="Then the status code should be 200" classname="Scenario: Check the status of logout" time="0"/>
  <testcase name="Then check for logout message" classname="Scenario: Check the status of logout" time="0"/>
  <testcase name="Scenario: Check the status of logout" classname="Scenario: Check the status of logout" time="0"/>
  <testcase name="Given I declare the URI for fetching employee details" classname="Scenario: Fetch Employee details by their employee name" time="0"/>
  <testcase name="And employee name &quot;Ramesh&quot; is passed as path variable and hit the service" classname="Scenario: Fetch Employee details by their employee name" time="0"/>
  <testcase name="Then the status code should be 200" classname="Scenario: Fetch Employee details by their employee name" time="0"/>
  <testcase name="Then validate the actual response with the expected response" classname="Scenario: Fetch Employee details by their employee name" time="0"/>
  <testcase name="Scenario: Fetch Employee details by their employee name" classname="Scenario: Fetch Employee details by their employee name" time="0"/>
  <testcase name="Given URI is declared for creating employee details" classname="Scenario: Create Employee details using POST method" time="0"/>
  <testcase name="And creating a body of the request to POST" classname="Scenario: Create Employee details using POST method" time="0"/>
  <testcase name="When the API call is made with the request body" classname="Scenario: Create Employee details using POST method" time="0"/>
  <testcase name="Then the status code should be 200" classname="Scenario: Create Employee details using POST method" time="0"/>
  <testcase name="Then phone number and email field of the employee should be validated" classname="Scenario: Create Employee details using POST method" time="0"/>
  <testcase name="Scenario: Create Employee details using POST method" classname="Scenario: Create Employee details using POST method" time="0"/>
  <testcase name="Given URI is declared for creating employee details" classname="Scenario: create List of Employee details using POST method" time="0"/>
  <testcase name="And creating a list of employee request body to POST" classname="Scenario: create List of Employee details using POST method" time="0"/>
  <testcase name="When the API call is made with the list request body" classname="Scenario: create List of Employee details using POST method" time="0"/>
  <testcase name="Then the status code should be 200" classname="Scenario: create List of Employee details using POST method" time="0"/>
  <testcase name="Then the employee names should be validated" classname="Scenario: create List of Employee details using POST method" time="0"/>
  <testcase name="Scenario: create List of Employee details using POST method" classname="Scenario: create List of Employee details using POST method" time="0"/>
  <testcase name="Given I declare the URI" classname="Scenario: Update Employee details using PUT method" time="0"/>
  <testcase name="And the request body is formed for put operation" classname="Scenario: Update Employee details using PUT method" time="0"/>
  <testcase name="When the API call is made with the employee name &quot;Suresh&quot; to get updated" classname="Scenario: Update Employee details using PUT method" time="0"/>
  <testcase name="Then the status code should be 200" classname="Scenario: Update Employee details using PUT method" time="0"/>
  <testcase name="Then employee name should be updated" classname="Scenario: Update Employee details using PUT method" time="0"/>
  <testcase name="Scenario: Update Employee details using PUT method" classname="Scenario: Update Employee details using PUT method" time="0"/>
  <testcase name="Given I declare the URI" classname="Scenario: Delete an Employee details using Delete method" time="0"/>
  <testcase name="And the API call is made with the employee name &quot;Azar&quot; for deletion" classname="Scenario: Delete an Employee details using Delete method" time="0"/>
  <testcase name="Then the status code should be 400" classname="Scenario: Delete an Employee details using Delete method" time="0"/>
  <testcase name="Scenario: Delete an Employee details using Delete method" classname="Scenario: Delete an Employee details using Delete method" time="0"/>
</testsuite>